<?xml version="1.0" encoding="UTF-8"?>
<!-- Generated by org.testng.reporters.JUnitXMLReporter -->
<testsuite hostname="priyathakur" ignored="2" name="Default test" tests="5" failures="0" timestamp="12 Oct 2018 11:28:23 GMT" time="103.162" errors="0">
  <testcase name="invalidCityInputs" time="22.11" classname="prudential.tests.Tests"/>
  <testcase name="invalidCityInputs" time="15.196" classname="prudential.tests.Tests"/>
  <testcase name="invalidCityInputs" time="15.192" classname="prudential.tests.Tests"/>
  <testcase name="invalidCityInputs" time="15.223" classname="prudential.tests.Tests"/>
  <testcase name="invalidCityInputs" time="15.179" classname="prudential.tests.Tests"/>
  <testcase name="validCities" time="0.0" classname="prudential.tests.Tests">
    <ignored/>
  </testcase> <!-- validCities -->
  <testcase name="invalidCities" time="0.0" classname="prudential.tests.Tests">
    <ignored/>
  </testcase> <!-- invalidCities -->
</testsuite> <!-- Default test -->
