<?xml version="1.0" encoding="UTF-8"?>
<!-- Generated by org.testng.reporters.JUnitXMLReporter -->
<testsuite hostname="priyathakur" ignored="0" name="Tests" tests="10" failures="0" timestamp="13 Oct 2018 13:30:58 GMT" time="107.606" errors="0">
  <testcase name="verifySite" time="0.242" classname="prudential.tests.Tests"/>
  <testcase name="invalidCities" time="4.129" classname="prudential.tests.Tests"/>
  <testcase name="validCities" time="1.433" classname="prudential.tests.Tests"/>
  <testcase name="validCities" time="0.655" classname="prudential.tests.Tests"/>
  <testcase name="validCities" time="0.377" classname="prudential.tests.Tests"/>
  <testcase name="invalidCityInputs" time="15.245" classname="prudential.tests.Tests"/>
  <testcase name="invalidCityInputs" time="15.258" classname="prudential.tests.Tests"/>
  <testcase name="invalidCityInputs" time="15.289" classname="prudential.tests.Tests"/>
  <testcase name="invalidCityInputs" time="15.412" classname="prudential.tests.Tests"/>
  <testcase name="invalidCityInputs" time="15.23" classname="prudential.tests.Tests"/>
</testsuite> <!-- Tests -->
